<?xml version="1.0" encoding="utf-8" standalone="no"?>
<!--This file represents the results of running a test suite-->
<test-results name="C:\Users\Ben\Code\CruiseControlToys\src\CruiseControlToys.Lib.Tests\bin\debug\CruiseControlToys.Lib.Tests.dll" total="10" failures="0" not-run="0" date="2007-11-16" time="17:04:43">
  <environment nunit-version="2.4.3.0" clr-version="2.0.50727.1378" os-version="Microsoft Windows NT 6.0.6000.0" platform="Win32NT" cwd="C:\Users\Ben\Code\CruiseControlToys\bin\nunit\2.4.3" machine-name="BEN-PC" user="Ben" user-domain="Ben-PC" />
  <culture-info current-culture="en-US" current-uiculture="en-US" />
  <test-suite name="C:\Users\Ben\Code\CruiseControlToys\src\CruiseControlToys.Lib.Tests\bin\debug\CruiseControlToys.Lib.Tests.dll" success="True" time="0.395" asserts="0">
    <results>
      <test-suite name="CruiseControlToys" success="True" time="0.388" asserts="0">
        <results>
          <test-suite name="Lib" success="True" time="0.388" asserts="0">
            <results>
              <test-suite name="Tests" success="True" time="0.387" asserts="0">
                <results>
                  <test-suite name="AggregateResolver_Tests" success="True" time="0.265" asserts="0">
                    <results>
                      <test-case name="CruiseControlToys.Lib.Tests.AggregateResolver_Tests.aggregate_resolver_can_aggregate_multiple_resolvers" executed="True" success="True" time="0.251" asserts="1" />
                      <test-case name="CruiseControlToys.Lib.Tests.AggregateResolver_Tests.aggregate_resolver_resolves_when_there_are_multipile_resolvers" executed="True" success="True" time="0.001" asserts="0" />
                      <test-case name="CruiseControlToys.Lib.Tests.AggregateResolver_Tests.aggregate_resolver_resolves_when_there_is_only_one_contained_resolver" executed="True" success="True" time="0.001" asserts="0" />
                    </results>
                  </test-suite>
                  <test-suite name="DashboardResolver_Test" success="True" time="0.086" asserts="0">
                    <results>
                      <test-case name="CruiseControlToys.Lib.Tests.DashboardResolver_Test.build_status_is_building_if_building_and_last_build_status_was_failure" executed="True" success="True" time="0.000" asserts="1" />
                      <test-case name="CruiseControlToys.Lib.Tests.DashboardResolver_Test.build_status_is_building_if_building_and_last_build_status_was_success" executed="True" success="True" time="0.000" asserts="1" />
                      <test-case name="CruiseControlToys.Lib.Tests.DashboardResolver_Test.build_status_is_failure_if_sleeping_and_last_build_status_was_failure" executed="True" success="True" time="0.000" asserts="1" />
                      <test-case name="CruiseControlToys.Lib.Tests.DashboardResolver_Test.build_status_is_success_if_sleeping_and_last_build_status_was_success" executed="True" success="True" time="0.000" asserts="1" />
                      <test-case name="CruiseControlToys.Lib.Tests.DashboardResolver_Test.can_construct_dashboard_resolver_with_a_status_document" executed="True" success="True" time="0.023" asserts="1" />
                      <test-case name="CruiseControlToys.Lib.Tests.DashboardResolver_Test.can_construct_dashboard_resolver_with_a_uri" executed="True" success="True" time="0.008" asserts="1" />
                      <test-case name="CruiseControlToys.Lib.Tests.DashboardResolver_Test.values_parsed_are_accurate_when_resolved" executed="True" success="True" time="0.050" asserts="7" />
                    </results>
                  </test-suite>
                </results>
              </test-suite>
            </results>
          </test-suite>
        </results>
      </test-suite>
    </results>
  </test-suite>
</test-results>